OpenROAD 41a51eaf4ca2171c92ff38afb91eb37bbd3f36da 
This program is licensed under the BSD-3 license. See the LICENSE file for details.
Components of this program may be licensed under more restrictive licenses which must be honored.
[INFO]: Reading ODB at '/openlane/designs/counter/runs/RUN_2026.05.27_14.32.29/results/floorplan/counter.odb'…
define_corners Typical
read_liberty -corner Typical /home/dlohchab/.ciel/sky130A/libs.ref/sky130_fd_sc_hd/lib/sky130_fd_sc_hd__tt_025C_1v80.lib
Using 1e-12 for capacitance...
Using 1e+03 for resistance...
Using 1e-09 for time...
Using 1e+00 for voltage...
Using 1e-03 for current...
Using 1e-09 for power...
Using 1e-06 for distance...
Reading design constraints file at '/openlane/designs/counter/runs/RUN_2026.05.27_14.32.29/tmp/floorplan/3-initial_fp.sdc'…
[INFO]: Setting RC values...
[INFO]: Setting signal min routing layer to: met1 and clock min routing layer to met3. 
[INFO]: Setting signal max routing layer to: met5 and clock max routing layer to met5. 
[INFO GPL-0002] DBU: 1000
[INFO GPL-0003] SiteSize: 460 2720
[INFO GPL-0004] CoreAreaLxLy: 5520 10880
[INFO GPL-0005] CoreAreaUxUy: 94300 87040
[INFO GPL-0006] NumInstances: 156
[INFO GPL-0007] NumPlaceInstances: 10
[INFO GPL-0008] NumFixedInstances: 146
[INFO GPL-0009] NumDummyInstances: 0
[INFO GPL-0010] NumNets: 12
[INFO GPL-0011] NumPins: 41
[INFO GPL-0012] DieAreaLxLy: 0 0
[INFO GPL-0013] DieAreaUxUy: 100000 100000
[INFO GPL-0014] CoreAreaLxLy: 5520 10880
[INFO GPL-0015] CoreAreaUxUy: 94300 87040
[INFO GPL-0016] CoreArea: 6761484800
[INFO GPL-0017] NonPlaceInstsArea: 322809600
[INFO GPL-0018] PlaceInstsArea: 163907200
[INFO GPL-0019] Util(%): 2.55
[INFO GPL-0020] StdInstsArea: 163907200
[INFO GPL-0021] MacroInstsArea: 0
[InitialPlace]  Iter: 1 CG residual: 0.00000001 HPWL: 685670
[InitialPlace]  Iter: 2 CG residual: 0.00000006 HPWL: 572408
[InitialPlace]  Iter: 3 CG residual: 0.00000001 HPWL: 573075
[InitialPlace]  Iter: 4 CG residual: 0.00000008 HPWL: 575075
[InitialPlace]  Iter: 5 CG residual: 0.00000001 HPWL: 577070
[INFO GPL-0031] FillerInit: NumGCells: 251
[INFO GPL-0032] FillerInit: NumGNets: 12
[INFO GPL-0033] FillerInit: NumGPins: 41
[INFO GPL-0023] TargetDensity: 0.60
[INFO GPL-0024] AveragePlaceInstArea: 16390720
[INFO GPL-0025] IdealBinArea: 27317866
[INFO GPL-0026] IdealBinCnt: 247
[INFO GPL-0027] TotalBinArea: 6761484800
[INFO GPL-0028] BinCnt: 8 8
[INFO GPL-0029] BinSize: 11098 9520
[INFO GPL-0030] NumBins: 64
[NesterovSolve] Iter: 1 overflow: 0 HPWL: 478528
[INFO GPL-0100] worst slack 7.13e-09
[INFO GPL-0103] Weighted 1 nets.
[NesterovSolve] Snapshot saved at iter = 0
[INFO GPL-0075] Routability numCall: 1 inflationIterCnt: 1 bloatIterCnt: 0
[INFO GPL-0036] TileLxLy: 0 0
[INFO GPL-0037] TileSize: 6900 6900
[INFO GPL-0038] TileCnt: 14 14
[INFO GPL-0039] numRoutingLayers: 6
[INFO GPL-0040] NumTiles: 196
[INFO GPL-0063] TotalRouteOverflowH2: 0.0
[INFO GPL-0064] TotalRouteOverflowV2: 0.0
[INFO GPL-0065] OverflowTileCnt2: 0
[INFO GPL-0066] 0.5%RC: 0.6833333174387614
[INFO GPL-0067] 1.0%RC: 0.6666666865348816
[INFO GPL-0068] 2.0%RC: 0.6666666865348816
[INFO GPL-0069] 5.0%RC: 0.6666666865348816
[INFO GPL-0070] 0.5rcK: 1.0
[INFO GPL-0071] 1.0rcK: 1.0
[INFO GPL-0072] 2.0rcK: 0.0
[INFO GPL-0073] 5.0rcK: 0.0
[INFO GPL-0074] FinalRC: 0.675
[NesterovSolve] Finished with Overflow: 0.000000
Setting global connections for newly added cells…
Writing OpenROAD database to '/openlane/designs/counter/runs/RUN_2026.05.27_14.32.29/tmp/placement/7-global.odb'…
Writing netlist to '/openlane/designs/counter/runs/RUN_2026.05.27_14.32.29/tmp/placement/7-global.nl.v'…
Writing powered netlist to '/openlane/designs/counter/runs/RUN_2026.05.27_14.32.29/tmp/placement/7-global.pnl.v'…
Writing layout to '/openlane/designs/counter/runs/RUN_2026.05.27_14.32.29/tmp/placement/7-global.def'…
