OpenROAD 41a51eaf4ca2171c92ff38afb91eb37bbd3f36da 
This program is licensed under the BSD-3 license. See the LICENSE file for details.
Components of this program may be licensed under more restrictive licenses which must be honored.
[INFO]: Reading ODB at '/openlane/designs/counter/runs/RUN_2026.05.27_14.32.29/results/cts/counter.odb'…
define_corners Slowest Typical Fastest
read_liberty -corner Slowest /home/dlohchab/.ciel/sky130A/libs.ref/sky130_fd_sc_hd/lib/sky130_fd_sc_hd__ss_100C_1v60.lib
read_liberty -corner Typical /home/dlohchab/.ciel/sky130A/libs.ref/sky130_fd_sc_hd/lib/sky130_fd_sc_hd__tt_025C_1v80.lib
read_liberty -corner Fastest /home/dlohchab/.ciel/sky130A/libs.ref/sky130_fd_sc_hd/lib/sky130_fd_sc_hd__ff_n40C_1v95.lib
Using 1e-12 for capacitance...
Using 1e+03 for resistance...
Using 1e-09 for time...
Using 1e+00 for voltage...
Using 1e-03 for current...
Using 1e-09 for power...
Using 1e-06 for distance...
Reading design constraints file at '/openlane/designs/counter/runs/RUN_2026.05.27_14.32.29/results/cts/counter.sdc'…
[INFO]: Setting RC values...
[INFO RSZ-0046] Found 4 endpoints with hold violations.
[INFO RSZ-0032] Inserted 5 hold buffers.
Placement Analysis
---------------------------------
total displacement         45.7 u
average displacement        0.3 u
max displacement            7.6 u
original HPWL             630.9 u
legalized HPWL            690.3 u
delta HPWL                    9 %

[INFO DPL-0020] Mirrored 11 instances
[INFO DPL-0021] HPWL before             690.3 u
[INFO DPL-0022] HPWL after              664.1 u
[INFO DPL-0023] HPWL delta               -3.8 %
Setting global connections for newly added cells…
Writing OpenROAD database to '/openlane/designs/counter/runs/RUN_2026.05.27_14.32.29/tmp/cts/14-counter.resized.odb'…
Writing netlist to '/openlane/designs/counter/runs/RUN_2026.05.27_14.32.29/tmp/cts/14-counter.resized.nl.v'…
Writing powered netlist to '/openlane/designs/counter/runs/RUN_2026.05.27_14.32.29/tmp/cts/14-counter.resized.pnl.v'…
Writing layout to '/openlane/designs/counter/runs/RUN_2026.05.27_14.32.29/tmp/cts/14-counter.resized.def'…
Writing timing constraints to '/openlane/designs/counter/runs/RUN_2026.05.27_14.32.29/tmp/cts/14-counter.resized.sdc'…
area_report

===========================================================================
report_design_area
============================================================================
Design area 409 u^2 6% utilization.
area_report_end
