
===========================================================================
report_checks -unconstrained
===========================================================================
======================= Fastest Corner ===================================

Startpoint: rst (input port clocked by clk)
Endpoint: _14_ (recovery check against rising-edge clock clk)
Path Group: asynchronous
Path Type: max
Corner: Fastest

Fanout     Cap    Slew   Delay    Time   Description
-----------------------------------------------------------------------------
                          0.00    0.00   clock clk (rise edge)
                          0.00    0.00   clock network delay (propagated)
                          2.00    2.00 ^ input external delay
                  0.01    0.01    2.01 ^ rst (in)
     1    0.00                           rst (net)
                  0.01    0.00    2.01 ^ input1/A (sky130_fd_sc_hd__clkbuf_2)
                  0.10    0.11    2.12 ^ input1/X (sky130_fd_sc_hd__clkbuf_2)
     4    0.02                           net1 (net)
                  0.10    0.00    2.12 ^ _14_/RESET_B (sky130_fd_sc_hd__dfrtp_1)
                                  2.12   data arrival time

                         10.00   10.00   clock clk (rise edge)
                          0.00   10.00   clock source latency
                  0.05    0.03   10.03 ^ clk (in)
     1    0.01                           clk (net)
                  0.05    0.00   10.03 ^ clkbuf_0_clk/A (sky130_fd_sc_hd__clkbuf_16)
                  0.03    0.09   10.12 ^ clkbuf_0_clk/X (sky130_fd_sc_hd__clkbuf_16)
     2    0.02                           clknet_0_clk (net)
                  0.03    0.00   10.12 ^ clkbuf_1_1__f_clk/A (sky130_fd_sc_hd__clkbuf_16)
                  0.02    0.07   10.19 ^ clkbuf_1_1__f_clk/X (sky130_fd_sc_hd__clkbuf_16)
     2    0.01                           clknet_1_1__leaf_clk (net)
                  0.02    0.00   10.19 ^ _14_/CLK (sky130_fd_sc_hd__dfrtp_1)
                         -0.25    9.94   clock uncertainty
                          0.00    9.94   clock reconvergence pessimism
                          0.13   10.07   library recovery time
                                 10.07   data required time
-----------------------------------------------------------------------------
                                 10.07   data required time
                                 -2.12   data arrival time
-----------------------------------------------------------------------------
                                  7.95   slack (MET)


Startpoint: _12_ (rising edge-triggered flip-flop clocked by clk)
Endpoint: count[0] (output port clocked by clk)
Path Group: clk
Path Type: max
Corner: Fastest

Fanout     Cap    Slew   Delay    Time   Description
-----------------------------------------------------------------------------
                          0.00    0.00   clock clk (rise edge)
                          0.00    0.00   clock source latency
                  0.05    0.04    0.04 ^ clk (in)
     1    0.01                           clk (net)
                  0.05    0.00    0.04 ^ clkbuf_0_clk/A (sky130_fd_sc_hd__clkbuf_16)
                  0.03    0.10    0.13 ^ clkbuf_0_clk/X (sky130_fd_sc_hd__clkbuf_16)
     2    0.02                           clknet_0_clk (net)
                  0.03    0.00    0.13 ^ clkbuf_1_0__f_clk/A (sky130_fd_sc_hd__clkbuf_16)
                  0.02    0.08    0.21 ^ clkbuf_1_0__f_clk/X (sky130_fd_sc_hd__clkbuf_16)
     2    0.01                           clknet_1_0__leaf_clk (net)
                  0.02    0.00    0.21 ^ _12_/CLK (sky130_fd_sc_hd__dfrtp_1)
                  0.12    0.27    0.49 ^ _12_/Q (sky130_fd_sc_hd__dfrtp_1)
     4    0.02                           net2 (net)
                  0.12    0.00    0.49 ^ output2/A (sky130_fd_sc_hd__clkbuf_4)
                  0.08    0.16    0.64 ^ output2/X (sky130_fd_sc_hd__clkbuf_4)
     1    0.03                           count[0] (net)
                  0.08    0.00    0.65 ^ count[0] (out)
                                  0.65   data arrival time

                         10.00   10.00   clock clk (rise edge)
                          0.00   10.00   clock network delay (propagated)
                         -0.25    9.75   clock uncertainty
                          0.00    9.75   clock reconvergence pessimism
                         -2.00    7.75   output external delay
                                  7.75   data required time
-----------------------------------------------------------------------------
                                  7.75   data required time
                                 -0.65   data arrival time
-----------------------------------------------------------------------------
                                  7.10   slack (MET)



======================= Slowest Corner ===================================

Startpoint: rst (input port clocked by clk)
Endpoint: _14_ (recovery check against rising-edge clock clk)
Path Group: asynchronous
Path Type: max
Corner: Slowest

Fanout     Cap    Slew   Delay    Time   Description
-----------------------------------------------------------------------------
                          0.00    0.00   clock clk (rise edge)
                          0.00    0.00   clock network delay (propagated)
                          2.00    2.00 ^ input external delay
                  0.03    0.02    2.02 ^ rst (in)
     1    0.00                           rst (net)
                  0.03    0.00    2.02 ^ input1/A (sky130_fd_sc_hd__clkbuf_2)
                  0.19    0.27    2.29 ^ input1/X (sky130_fd_sc_hd__clkbuf_2)
     4    0.02                           net1 (net)
                  0.19    0.00    2.29 ^ _14_/RESET_B (sky130_fd_sc_hd__dfrtp_1)
                                  2.29   data arrival time

                         10.00   10.00   clock clk (rise edge)
                          0.00   10.00   clock source latency
                  0.11    0.07   10.07 ^ clk (in)
     1    0.01                           clk (net)
                  0.11    0.00   10.07 ^ clkbuf_0_clk/A (sky130_fd_sc_hd__clkbuf_16)
                  0.07    0.23   10.30 ^ clkbuf_0_clk/X (sky130_fd_sc_hd__clkbuf_16)
     2    0.02                           clknet_0_clk (net)
                  0.07    0.00   10.30 ^ clkbuf_1_1__f_clk/A (sky130_fd_sc_hd__clkbuf_16)
                  0.05    0.19   10.48 ^ clkbuf_1_1__f_clk/X (sky130_fd_sc_hd__clkbuf_16)
     2    0.01                           clknet_1_1__leaf_clk (net)
                  0.05    0.00   10.48 ^ _14_/CLK (sky130_fd_sc_hd__dfrtp_1)
                         -0.25   10.23   clock uncertainty
                          0.00   10.23   clock reconvergence pessimism
                          0.41   10.65   library recovery time
                                 10.65   data required time
-----------------------------------------------------------------------------
                                 10.65   data required time
                                 -2.29   data arrival time
-----------------------------------------------------------------------------
                                  8.35   slack (MET)


Startpoint: _13_ (rising edge-triggered flip-flop clocked by clk)
Endpoint: _14_ (rising edge-triggered flip-flop clocked by clk)
Path Group: clk
Path Type: max
Corner: Slowest

Fanout     Cap    Slew   Delay    Time   Description
-----------------------------------------------------------------------------
                          0.00    0.00   clock clk (rise edge)
                          0.00    0.00   clock source latency
                  0.11    0.08    0.08 ^ clk (in)
     1    0.01                           clk (net)
                  0.11    0.00    0.08 ^ clkbuf_0_clk/A (sky130_fd_sc_hd__clkbuf_16)
                  0.07    0.25    0.33 ^ clkbuf_0_clk/X (sky130_fd_sc_hd__clkbuf_16)
     2    0.02                           clknet_0_clk (net)
                  0.07    0.00    0.33 ^ clkbuf_1_0__f_clk/A (sky130_fd_sc_hd__clkbuf_16)
                  0.05    0.21    0.54 ^ clkbuf_1_0__f_clk/X (sky130_fd_sc_hd__clkbuf_16)
     2    0.01                           clknet_1_0__leaf_clk (net)
                  0.05    0.00    0.54 ^ _13_/CLK (sky130_fd_sc_hd__dfrtp_1)
                  0.17    0.88    1.42 v _13_/Q (sky130_fd_sc_hd__dfrtp_1)
     3    0.01                           net3 (net)
                  0.17    0.00    1.42 v hold2/A (sky130_fd_sc_hd__dlygate4sd3_1)
                  0.18    1.33    2.74 v hold2/X (sky130_fd_sc_hd__dlygate4sd3_1)
     2    0.01                           net7 (net)
                  0.18    0.00    2.74 v _07_/A1 (sky130_fd_sc_hd__a21oi_1)
                  0.16    0.25    2.99 ^ _07_/Y (sky130_fd_sc_hd__a21oi_1)
     1    0.00                           _04_ (net)
                  0.16    0.00    2.99 ^ hold5/A (sky130_fd_sc_hd__dlygate4sd3_1)
                  0.10    1.14    4.13 ^ hold5/X (sky130_fd_sc_hd__dlygate4sd3_1)
     1    0.00                           net10 (net)
                  0.10    0.00    4.13 ^ _09_/A (sky130_fd_sc_hd__nor2_1)
                  0.05    0.10    4.23 v _09_/Y (sky130_fd_sc_hd__nor2_1)
     1    0.00                           _02_ (net)
                  0.05    0.00    4.23 v _14_/D (sky130_fd_sc_hd__dfrtp_1)
                                  4.23   data arrival time

                         10.00   10.00   clock clk (rise edge)
                          0.00   10.00   clock source latency
                  0.11    0.07   10.07 ^ clk (in)
     1    0.01                           clk (net)
                  0.11    0.00   10.07 ^ clkbuf_0_clk/A (sky130_fd_sc_hd__clkbuf_16)
                  0.07    0.23   10.30 ^ clkbuf_0_clk/X (sky130_fd_sc_hd__clkbuf_16)
     2    0.02                           clknet_0_clk (net)
                  0.07    0.00   10.30 ^ clkbuf_1_1__f_clk/A (sky130_fd_sc_hd__clkbuf_16)
                  0.05    0.19   10.48 ^ clkbuf_1_1__f_clk/X (sky130_fd_sc_hd__clkbuf_16)
     2    0.01                           clknet_1_1__leaf_clk (net)
                  0.05    0.00   10.48 ^ _14_/CLK (sky130_fd_sc_hd__dfrtp_1)
                         -0.25   10.23   clock uncertainty
                          0.03   10.27   clock reconvergence pessimism
                         -0.28    9.99   library setup time
                                  9.99   data required time
-----------------------------------------------------------------------------
                                  9.99   data required time
                                 -4.23   data arrival time
-----------------------------------------------------------------------------
                                  5.76   slack (MET)



======================= Typical Corner ===================================

Startpoint: rst (input port clocked by clk)
Endpoint: _14_ (recovery check against rising-edge clock clk)
Path Group: asynchronous
Path Type: max
Corner: Typical

Fanout     Cap    Slew   Delay    Time   Description
-----------------------------------------------------------------------------
                          0.00    0.00   clock clk (rise edge)
                          0.00    0.00   clock network delay (propagated)
                          2.00    2.00 ^ input external delay
                  0.02    0.01    2.01 ^ rst (in)
     1    0.00                           rst (net)
                  0.02    0.00    2.01 ^ input1/A (sky130_fd_sc_hd__clkbuf_2)
                  0.13    0.16    2.17 ^ input1/X (sky130_fd_sc_hd__clkbuf_2)
     4    0.02                           net1 (net)
                  0.13    0.00    2.17 ^ _14_/RESET_B (sky130_fd_sc_hd__dfrtp_1)
                                  2.17   data arrival time

                         10.00   10.00   clock clk (rise edge)
                          0.00   10.00   clock source latency
                  0.07    0.04   10.04 ^ clk (in)
     1    0.01                           clk (net)
                  0.07    0.00   10.04 ^ clkbuf_0_clk/A (sky130_fd_sc_hd__clkbuf_16)
                  0.04    0.13   10.17 ^ clkbuf_0_clk/X (sky130_fd_sc_hd__clkbuf_16)
     2    0.02                           clknet_0_clk (net)
                  0.04    0.00   10.17 ^ clkbuf_1_1__f_clk/A (sky130_fd_sc_hd__clkbuf_16)
                  0.03    0.10   10.28 ^ clkbuf_1_1__f_clk/X (sky130_fd_sc_hd__clkbuf_16)
     2    0.01                           clknet_1_1__leaf_clk (net)
                  0.03    0.00   10.28 ^ _14_/CLK (sky130_fd_sc_hd__dfrtp_1)
                         -0.25   10.03   clock uncertainty
                          0.00   10.03   clock reconvergence pessimism
                          0.20   10.23   library recovery time
                                 10.23   data required time
-----------------------------------------------------------------------------
                                 10.23   data required time
                                 -2.17   data arrival time
-----------------------------------------------------------------------------
                                  8.06   slack (MET)


Startpoint: _12_ (rising edge-triggered flip-flop clocked by clk)
Endpoint: count[0] (output port clocked by clk)
Path Group: clk
Path Type: max
Corner: Typical

Fanout     Cap    Slew   Delay    Time   Description
-----------------------------------------------------------------------------
                          0.00    0.00   clock clk (rise edge)
                          0.00    0.00   clock source latency
                  0.07    0.05    0.05 ^ clk (in)
     1    0.01                           clk (net)
                  0.07    0.00    0.05 ^ clkbuf_0_clk/A (sky130_fd_sc_hd__clkbuf_16)
                  0.04    0.14    0.19 ^ clkbuf_0_clk/X (sky130_fd_sc_hd__clkbuf_16)
     2    0.02                           clknet_0_clk (net)
                  0.04    0.00    0.19 ^ clkbuf_1_0__f_clk/A (sky130_fd_sc_hd__clkbuf_16)
                  0.03    0.12    0.31 ^ clkbuf_1_0__f_clk/X (sky130_fd_sc_hd__clkbuf_16)
     2    0.01                           clknet_1_0__leaf_clk (net)
                  0.03    0.00    0.31 ^ _12_/CLK (sky130_fd_sc_hd__dfrtp_1)
                  0.16    0.42    0.73 ^ _12_/Q (sky130_fd_sc_hd__dfrtp_1)
     4    0.02                           net2 (net)
                  0.16    0.00    0.73 ^ output2/A (sky130_fd_sc_hd__clkbuf_4)
                  0.11    0.24    0.96 ^ output2/X (sky130_fd_sc_hd__clkbuf_4)
     1    0.03                           count[0] (net)
                  0.11    0.00    0.96 ^ count[0] (out)
                                  0.96   data arrival time

                         10.00   10.00   clock clk (rise edge)
                          0.00   10.00   clock network delay (propagated)
                         -0.25    9.75   clock uncertainty
                          0.00    9.75   clock reconvergence pessimism
                         -2.00    7.75   output external delay
                                  7.75   data required time
-----------------------------------------------------------------------------
                                  7.75   data required time
                                 -0.96   data arrival time
-----------------------------------------------------------------------------
                                  6.79   slack (MET)




===========================================================================
report_checks --slack_max -0.01
============================================================================
======================= Fastest Corner ===================================

No paths found.

======================= Slowest Corner ===================================

No paths found.

======================= Typical Corner ===================================

No paths found.


===========================================================================
 report_check_types -max_slew -max_cap -max_fanout -violators
============================================================================
======================= Fastest Corner ===================================


======================= Slowest Corner ===================================


======================= Typical Corner ===================================



===========================================================================
report_parasitic_annotation -report_unannotated
============================================================================
Found 0 unannotated drivers.
Found 0 partially unannotated drivers.

===========================================================================
max slew violation count 0
max fanout violation count 0
max cap violation count 0
============================================================================

===========================================================================
check_setup -verbose -unconstrained_endpoints -multiple_clock -no_clock -no_input_delay -loops -generated_clocks
===========================================================================
