
===========================================================================
 report_power
============================================================================
======================= Fastest Corner ===================================

Group                  Internal  Switching    Leakage      Total
                          Power      Power      Power      Power (Watts)
----------------------------------------------------------------
Sequential             2.27e-05   5.63e-06   1.89e-08   2.83e-05  20.7%
Combinational          7.49e-05   3.34e-05   8.73e-10   1.08e-04  79.3%
Macro                  0.00e+00   0.00e+00   0.00e+00   0.00e+00   0.0%
Pad                    0.00e+00   0.00e+00   0.00e+00   0.00e+00   0.0%
----------------------------------------------------------------
Total                  9.76e-05   3.90e-05   1.98e-08   1.37e-04 100.0%
                          71.4%      28.5%       0.0%

======================= Slowest Corner ===================================

Group                  Internal  Switching    Leakage      Total
                          Power      Power      Power      Power (Watts)
----------------------------------------------------------------
Sequential             1.53e-05   3.70e-06   7.54e-08   1.91e-05  20.3%
Combinational          5.28e-05   2.21e-05   1.40e-07   7.50e-05  79.7%
Macro                  0.00e+00   0.00e+00   0.00e+00   0.00e+00   0.0%
Pad                    0.00e+00   0.00e+00   0.00e+00   0.00e+00   0.0%
----------------------------------------------------------------
Total                  6.81e-05   2.58e-05   2.15e-07   9.41e-05 100.0%
                          72.3%      27.4%       0.2%

======================= Typical Corner ===================================

Group                  Internal  Switching    Leakage      Total
                          Power      Power      Power      Power (Watts)
----------------------------------------------------------------
Sequential             1.96e-05   4.73e-06   1.89e-08   2.43e-05  20.7%
Combinational          6.51e-05   2.82e-05   5.84e-10   9.34e-05  79.3%
Macro                  0.00e+00   0.00e+00   0.00e+00   0.00e+00   0.0%
Pad                    0.00e+00   0.00e+00   0.00e+00   0.00e+00   0.0%
----------------------------------------------------------------
Total                  8.47e-05   3.30e-05   1.95e-08   1.18e-04 100.0%
                          72.0%      28.0%       0.0%

