
===========================================================================
 report_power
============================================================================
======================= Fastest Corner ===================================

Group                  Internal  Switching    Leakage      Total
                          Power      Power      Power      Power (Watts)
----------------------------------------------------------------
Sequential             2.27e-05   5.39e-06   1.89e-08   2.81e-05  20.7%
Combinational          7.49e-05   3.29e-05   8.73e-10   1.08e-04  79.3%
Macro                  0.00e+00   0.00e+00   0.00e+00   0.00e+00   0.0%
Pad                    0.00e+00   0.00e+00   0.00e+00   0.00e+00   0.0%
----------------------------------------------------------------
Total                  9.76e-05   3.82e-05   1.98e-08   1.36e-04 100.0%
                          71.8%      28.2%       0.0%

======================= Slowest Corner ===================================

Group                  Internal  Switching    Leakage      Total
                          Power      Power      Power      Power (Watts)
----------------------------------------------------------------
Sequential             1.53e-05   3.54e-06   7.54e-08   1.89e-05  20.2%
Combinational          5.28e-05   2.18e-05   1.40e-07   7.47e-05  79.8%
Macro                  0.00e+00   0.00e+00   0.00e+00   0.00e+00   0.0%
Pad                    0.00e+00   0.00e+00   0.00e+00   0.00e+00   0.0%
----------------------------------------------------------------
Total                  6.81e-05   2.53e-05   2.15e-07   9.36e-05 100.0%
                          72.7%      27.1%       0.2%

======================= Typical Corner ===================================

Group                  Internal  Switching    Leakage      Total
                          Power      Power      Power      Power (Watts)
----------------------------------------------------------------
Sequential             1.96e-05   4.53e-06   1.89e-08   2.42e-05  20.6%
Combinational          6.51e-05   2.78e-05   5.84e-10   9.29e-05  79.4%
Macro                  0.00e+00   0.00e+00   0.00e+00   0.00e+00   0.0%
Pad                    0.00e+00   0.00e+00   0.00e+00   0.00e+00   0.0%
----------------------------------------------------------------
Total                  8.47e-05   3.23e-05   1.95e-08   1.17e-04 100.0%
                          72.4%      27.6%       0.0%

