
===========================================================================
report_checks -path_delay min (Hold)
============================================================================
======================= Typical Corner ===================================

Startpoint: _12_ (rising edge-triggered flip-flop clocked by clk)
Endpoint: _12_ (rising edge-triggered flip-flop clocked by clk)
Path Group: clk
Path Type: min

Fanout     Cap    Slew   Delay    Time   Description
-----------------------------------------------------------------------------
                  0.15    0.00    0.00   clock clk (rise edge)
                          0.00    0.00   clock network delay (ideal)
                  0.15    0.00    0.00 ^ _12_/CLK (sky130_fd_sc_hd__dfrtp_2)
                  0.28    0.54    0.54 ^ _12_/Q (sky130_fd_sc_hd__dfrtp_2)
     5    0.06                           count[0] (net)
                  0.28    0.00    0.54 ^ _11_/A (sky130_fd_sc_hd__inv_2)
                  0.04    0.04    0.57 v _11_/Y (sky130_fd_sc_hd__inv_2)
     1    0.00                           _00_ (net)
                  0.04    0.00    0.57 v _12_/D (sky130_fd_sc_hd__dfrtp_2)
                                  0.57   data arrival time

                  0.15    0.00    0.00   clock clk (rise edge)
                          0.00    0.00   clock network delay (ideal)
                          0.25    0.25   clock uncertainty
                          0.00    0.25   clock reconvergence pessimism
                                  0.25 ^ _12_/CLK (sky130_fd_sc_hd__dfrtp_2)
                         -0.02    0.23   library hold time
                                  0.23   data required time
-----------------------------------------------------------------------------
                                  0.23   data required time
                                 -0.57   data arrival time
-----------------------------------------------------------------------------
                                  0.34   slack (MET)


Startpoint: _15_ (rising edge-triggered flip-flop clocked by clk)
Endpoint: _15_ (rising edge-triggered flip-flop clocked by clk)
Path Group: clk
Path Type: min

Fanout     Cap    Slew   Delay    Time   Description
-----------------------------------------------------------------------------
                  0.15    0.00    0.00   clock clk (rise edge)
                          0.00    0.00   clock network delay (ideal)
                  0.15    0.00    0.00 ^ _15_/CLK (sky130_fd_sc_hd__dfrtp_2)
                  0.24    0.51    0.51 ^ _15_/Q (sky130_fd_sc_hd__dfrtp_2)
     2    0.05                           count[3] (net)
                  0.24    0.00    0.51 ^ _10_/A (sky130_fd_sc_hd__xor2_2)
                  0.03    0.09    0.60 v _10_/X (sky130_fd_sc_hd__xor2_2)
     1    0.00                           _03_ (net)
                  0.03    0.00    0.60 v _15_/D (sky130_fd_sc_hd__dfrtp_2)
                                  0.60   data arrival time

                  0.15    0.00    0.00   clock clk (rise edge)
                          0.00    0.00   clock network delay (ideal)
                          0.25    0.25   clock uncertainty
                          0.00    0.25   clock reconvergence pessimism
                                  0.25 ^ _15_/CLK (sky130_fd_sc_hd__dfrtp_2)
                         -0.01    0.24   library hold time
                                  0.24   data required time
-----------------------------------------------------------------------------
                                  0.24   data required time
                                 -0.60   data arrival time
-----------------------------------------------------------------------------
                                  0.36   slack (MET)


Startpoint: _12_ (rising edge-triggered flip-flop clocked by clk)
Endpoint: _13_ (rising edge-triggered flip-flop clocked by clk)
Path Group: clk
Path Type: min

Fanout     Cap    Slew   Delay    Time   Description
-----------------------------------------------------------------------------
                  0.15    0.00    0.00   clock clk (rise edge)
                          0.00    0.00   clock network delay (ideal)
                  0.15    0.00    0.00 ^ _12_/CLK (sky130_fd_sc_hd__dfrtp_2)
                  0.28    0.54    0.54 ^ _12_/Q (sky130_fd_sc_hd__dfrtp_2)
     5    0.06                           count[0] (net)
                  0.28    0.00    0.54 ^ _06_/B (sky130_fd_sc_hd__xor2_2)
                  0.03    0.09    0.62 v _06_/X (sky130_fd_sc_hd__xor2_2)
     1    0.00                           _01_ (net)
                  0.03    0.00    0.62 v _13_/D (sky130_fd_sc_hd__dfrtp_2)
                                  0.62   data arrival time

                  0.15    0.00    0.00   clock clk (rise edge)
                          0.00    0.00   clock network delay (ideal)
                          0.25    0.25   clock uncertainty
                          0.00    0.25   clock reconvergence pessimism
                                  0.25 ^ _13_/CLK (sky130_fd_sc_hd__dfrtp_2)
                         -0.01    0.24   library hold time
                                  0.24   data required time
-----------------------------------------------------------------------------
                                  0.24   data required time
                                 -0.62   data arrival time
-----------------------------------------------------------------------------
                                  0.39   slack (MET)


Startpoint: _14_ (rising edge-triggered flip-flop clocked by clk)
Endpoint: _14_ (rising edge-triggered flip-flop clocked by clk)
Path Group: clk
Path Type: min

Fanout     Cap    Slew   Delay    Time   Description
-----------------------------------------------------------------------------
                  0.15    0.00    0.00   clock clk (rise edge)
                          0.00    0.00   clock network delay (ideal)
                  0.15    0.00    0.00 ^ _14_/CLK (sky130_fd_sc_hd__dfrtp_2)
                  0.22    0.50    0.50 ^ _14_/Q (sky130_fd_sc_hd__dfrtp_2)
     3    0.05                           count[2] (net)
                  0.22    0.00    0.50 ^ _07_/B1 (sky130_fd_sc_hd__a21oi_2)
                  0.06    0.05    0.55 v _07_/Y (sky130_fd_sc_hd__a21oi_2)
     1    0.00                           _04_ (net)
                  0.06    0.00    0.55 v _09_/A (sky130_fd_sc_hd__nor2_2)
                  0.06    0.09    0.63 ^ _09_/Y (sky130_fd_sc_hd__nor2_2)
     1    0.00                           _02_ (net)
                  0.06    0.00    0.63 ^ _14_/D (sky130_fd_sc_hd__dfrtp_2)
                                  0.63   data arrival time

                  0.15    0.00    0.00   clock clk (rise edge)
                          0.00    0.00   clock network delay (ideal)
                          0.25    0.25   clock uncertainty
                          0.00    0.25   clock reconvergence pessimism
                                  0.25 ^ _14_/CLK (sky130_fd_sc_hd__dfrtp_2)
                         -0.02    0.23   library hold time
                                  0.23   data required time
-----------------------------------------------------------------------------
                                  0.23   data required time
                                 -0.63   data arrival time
-----------------------------------------------------------------------------
                                  0.41   slack (MET)


Startpoint: rst (input port clocked by clk)
Endpoint: _12_ (removal check against rising-edge clock clk)
Path Group: asynchronous
Path Type: min

Fanout     Cap    Slew   Delay    Time   Description
-----------------------------------------------------------------------------
                  0.15    0.00    0.00   clock clk (rise edge)
                          0.00    0.00   clock network delay (ideal)
                          2.00    2.00 ^ input external delay
                  0.09    0.06    2.06 ^ rst (in)
     4    0.02                           rst (net)
                  0.09    0.00    2.06 ^ _12_/RESET_B (sky130_fd_sc_hd__dfrtp_2)
                                  2.06   data arrival time

                  0.15    0.00    0.00   clock clk (rise edge)
                          0.00    0.00   clock network delay (ideal)
                          0.25    0.25   clock uncertainty
                          0.00    0.25   clock reconvergence pessimism
                                  0.25 ^ _12_/CLK (sky130_fd_sc_hd__dfrtp_2)
                          0.36    0.61   library removal time
                                  0.61   data required time
-----------------------------------------------------------------------------
                                  0.61   data required time
                                 -2.06   data arrival time
-----------------------------------------------------------------------------
                                  1.45   slack (MET)


Startpoint: rst (input port clocked by clk)
Endpoint: _15_ (removal check against rising-edge clock clk)
Path Group: asynchronous
Path Type: min

Fanout     Cap    Slew   Delay    Time   Description
-----------------------------------------------------------------------------
                  0.15    0.00    0.00   clock clk (rise edge)
                          0.00    0.00   clock network delay (ideal)
                          2.00    2.00 ^ input external delay
                  0.09    0.06    2.06 ^ rst (in)
     4    0.02                           rst (net)
                  0.09    0.00    2.06 ^ _15_/RESET_B (sky130_fd_sc_hd__dfrtp_2)
                                  2.06   data arrival time

                  0.15    0.00    0.00   clock clk (rise edge)
                          0.00    0.00   clock network delay (ideal)
                          0.25    0.25   clock uncertainty
                          0.00    0.25   clock reconvergence pessimism
                                  0.25 ^ _15_/CLK (sky130_fd_sc_hd__dfrtp_2)
                          0.36    0.61   library removal time
                                  0.61   data required time
-----------------------------------------------------------------------------
                                  0.61   data required time
                                 -2.06   data arrival time
-----------------------------------------------------------------------------
                                  1.45   slack (MET)


Startpoint: rst (input port clocked by clk)
Endpoint: _13_ (removal check against rising-edge clock clk)
Path Group: asynchronous
Path Type: min

Fanout     Cap    Slew   Delay    Time   Description
-----------------------------------------------------------------------------
                  0.15    0.00    0.00   clock clk (rise edge)
                          0.00    0.00   clock network delay (ideal)
                          2.00    2.00 ^ input external delay
                  0.09    0.06    2.06 ^ rst (in)
     4    0.02                           rst (net)
                  0.09    0.00    2.06 ^ _13_/RESET_B (sky130_fd_sc_hd__dfrtp_2)
                                  2.06   data arrival time

                  0.15    0.00    0.00   clock clk (rise edge)
                          0.00    0.00   clock network delay (ideal)
                          0.25    0.25   clock uncertainty
                          0.00    0.25   clock reconvergence pessimism
                                  0.25 ^ _13_/CLK (sky130_fd_sc_hd__dfrtp_2)
                          0.36    0.61   library removal time
                                  0.61   data required time
-----------------------------------------------------------------------------
                                  0.61   data required time
                                 -2.06   data arrival time
-----------------------------------------------------------------------------
                                  1.45   slack (MET)


Startpoint: rst (input port clocked by clk)
Endpoint: _14_ (removal check against rising-edge clock clk)
Path Group: asynchronous
Path Type: min

Fanout     Cap    Slew   Delay    Time   Description
-----------------------------------------------------------------------------
                  0.15    0.00    0.00   clock clk (rise edge)
                          0.00    0.00   clock network delay (ideal)
                          2.00    2.00 ^ input external delay
                  0.09    0.06    2.06 ^ rst (in)
     4    0.02                           rst (net)
                  0.09    0.00    2.06 ^ _14_/RESET_B (sky130_fd_sc_hd__dfrtp_2)
                                  2.06   data arrival time

                  0.15    0.00    0.00   clock clk (rise edge)
                          0.00    0.00   clock network delay (ideal)
                          0.25    0.25   clock uncertainty
                          0.00    0.25   clock reconvergence pessimism
                                  0.25 ^ _14_/CLK (sky130_fd_sc_hd__dfrtp_2)
                          0.36    0.61   library removal time
                                  0.61   data required time
-----------------------------------------------------------------------------
                                  0.61   data required time
                                 -2.06   data arrival time
-----------------------------------------------------------------------------
                                  1.45   slack (MET)


Startpoint: _14_ (rising edge-triggered flip-flop clocked by clk)
Endpoint: count[2] (output port clocked by clk)
Path Group: clk
Path Type: min

Fanout     Cap    Slew   Delay    Time   Description
-----------------------------------------------------------------------------
                  0.15    0.00    0.00   clock clk (rise edge)
                          0.00    0.00   clock network delay (ideal)
                  0.15    0.00    0.00 ^ _14_/CLK (sky130_fd_sc_hd__dfrtp_2)
                  0.22    0.50    0.50 ^ _14_/Q (sky130_fd_sc_hd__dfrtp_2)
     3    0.05                           count[2] (net)
                  0.22    0.00    0.50 ^ count[2] (out)
                                  0.50   data arrival time

                  0.15    0.00    0.00   clock clk (rise edge)
                          0.00    0.00   clock network delay (ideal)
                          0.25    0.25   clock uncertainty
                          0.00    0.25   clock reconvergence pessimism
                         -2.00   -1.75   output external delay
                                 -1.75   data required time
-----------------------------------------------------------------------------
                                 -1.75   data required time
                                 -0.50   data arrival time
-----------------------------------------------------------------------------
                                  2.25   slack (MET)


Startpoint: _15_ (rising edge-triggered flip-flop clocked by clk)
Endpoint: count[3] (output port clocked by clk)
Path Group: clk
Path Type: min

Fanout     Cap    Slew   Delay    Time   Description
-----------------------------------------------------------------------------
                  0.15    0.00    0.00   clock clk (rise edge)
                          0.00    0.00   clock network delay (ideal)
                  0.15    0.00    0.00 ^ _15_/CLK (sky130_fd_sc_hd__dfrtp_2)
                  0.14    0.51    0.51 v _15_/Q (sky130_fd_sc_hd__dfrtp_2)
     2    0.05                           count[3] (net)
                  0.14    0.00    0.51 v count[3] (out)
                                  0.51   data arrival time

                  0.15    0.00    0.00   clock clk (rise edge)
                          0.00    0.00   clock network delay (ideal)
                          0.25    0.25   clock uncertainty
                          0.00    0.25   clock reconvergence pessimism
                         -2.00   -1.75   output external delay
                                 -1.75   data required time
-----------------------------------------------------------------------------
                                 -1.75   data required time
                                 -0.51   data arrival time
-----------------------------------------------------------------------------
                                  2.26   slack (MET)


Startpoint: _13_ (rising edge-triggered flip-flop clocked by clk)
Endpoint: count[1] (output port clocked by clk)
Path Group: clk
Path Type: min

Fanout     Cap    Slew   Delay    Time   Description
-----------------------------------------------------------------------------
                  0.15    0.00    0.00   clock clk (rise edge)
                          0.00    0.00   clock network delay (ideal)
                  0.15    0.00    0.00 ^ _13_/CLK (sky130_fd_sc_hd__dfrtp_2)
                  0.15    0.52    0.52 v _13_/Q (sky130_fd_sc_hd__dfrtp_2)
     4    0.06                           count[1] (net)
                  0.15    0.00    0.52 v count[1] (out)
                                  0.52   data arrival time

                  0.15    0.00    0.00   clock clk (rise edge)
                          0.00    0.00   clock network delay (ideal)
                          0.25    0.25   clock uncertainty
                          0.00    0.25   clock reconvergence pessimism
                         -2.00   -1.75   output external delay
                                 -1.75   data required time
-----------------------------------------------------------------------------
                                 -1.75   data required time
                                 -0.52   data arrival time
-----------------------------------------------------------------------------
                                  2.27   slack (MET)


Startpoint: _12_ (rising edge-triggered flip-flop clocked by clk)
Endpoint: count[0] (output port clocked by clk)
Path Group: clk
Path Type: min

Fanout     Cap    Slew   Delay    Time   Description
-----------------------------------------------------------------------------
                  0.15    0.00    0.00   clock clk (rise edge)
                          0.00    0.00   clock network delay (ideal)
                  0.15    0.00    0.00 ^ _12_/CLK (sky130_fd_sc_hd__dfrtp_2)
                  0.16    0.52    0.52 v _12_/Q (sky130_fd_sc_hd__dfrtp_2)
     5    0.06                           count[0] (net)
                  0.16    0.00    0.52 v count[0] (out)
                                  0.52   data arrival time

                  0.15    0.00    0.00   clock clk (rise edge)
                          0.00    0.00   clock network delay (ideal)
                          0.25    0.25   clock uncertainty
                          0.00    0.25   clock reconvergence pessimism
                         -2.00   -1.75   output external delay
                                 -1.75   data required time
-----------------------------------------------------------------------------
                                 -1.75   data required time
                                 -0.52   data arrival time
-----------------------------------------------------------------------------
                                  2.27   slack (MET)



