
===========================================================================
report_checks -path_delay max (Setup)
============================================================================
======================= Typical Corner ===================================

Startpoint: _12_ (rising edge-triggered flip-flop clocked by clk)
Endpoint: count[0] (output port clocked by clk)
Path Group: clk
Path Type: max

Fanout     Cap    Slew   Delay    Time   Description
-----------------------------------------------------------------------------
                  0.15    0.00    0.00   clock clk (rise edge)
                          0.00    0.00   clock network delay (ideal)
                  0.15    0.00    0.00 ^ _12_/CLK (sky130_fd_sc_hd__dfrtp_2)
                  0.28    0.59    0.59 ^ _12_/Q (sky130_fd_sc_hd__dfrtp_2)
     5    0.06                           count[0] (net)
                  0.28    0.00    0.59 ^ count[0] (out)
                                  0.59   data arrival time

                  0.15   10.00   10.00   clock clk (rise edge)
                          0.00   10.00   clock network delay (ideal)
                         -0.25    9.75   clock uncertainty
                          0.00    9.75   clock reconvergence pessimism
                         -2.00    7.75   output external delay
                                  7.75   data required time
-----------------------------------------------------------------------------
                                  7.75   data required time
                                 -0.59   data arrival time
-----------------------------------------------------------------------------
                                  7.16   slack (MET)


Startpoint: _13_ (rising edge-triggered flip-flop clocked by clk)
Endpoint: count[1] (output port clocked by clk)
Path Group: clk
Path Type: max

Fanout     Cap    Slew   Delay    Time   Description
-----------------------------------------------------------------------------
                  0.15    0.00    0.00   clock clk (rise edge)
                          0.00    0.00   clock network delay (ideal)
                  0.15    0.00    0.00 ^ _13_/CLK (sky130_fd_sc_hd__dfrtp_2)
                  0.27    0.59    0.59 ^ _13_/Q (sky130_fd_sc_hd__dfrtp_2)
     4    0.06                           count[1] (net)
                  0.27    0.00    0.59 ^ count[1] (out)
                                  0.59   data arrival time

                  0.15   10.00   10.00   clock clk (rise edge)
                          0.00   10.00   clock network delay (ideal)
                         -0.25    9.75   clock uncertainty
                          0.00    9.75   clock reconvergence pessimism
                         -2.00    7.75   output external delay
                                  7.75   data required time
-----------------------------------------------------------------------------
                                  7.75   data required time
                                 -0.59   data arrival time
-----------------------------------------------------------------------------
                                  7.16   slack (MET)


Startpoint: _15_ (rising edge-triggered flip-flop clocked by clk)
Endpoint: count[3] (output port clocked by clk)
Path Group: clk
Path Type: max

Fanout     Cap    Slew   Delay    Time   Description
-----------------------------------------------------------------------------
                  0.15    0.00    0.00   clock clk (rise edge)
                          0.00    0.00   clock network delay (ideal)
                  0.15    0.00    0.00 ^ _15_/CLK (sky130_fd_sc_hd__dfrtp_2)
                  0.24    0.56    0.56 ^ _15_/Q (sky130_fd_sc_hd__dfrtp_2)
     2    0.05                           count[3] (net)
                  0.24    0.00    0.57 ^ count[3] (out)
                                  0.57   data arrival time

                  0.15   10.00   10.00   clock clk (rise edge)
                          0.00   10.00   clock network delay (ideal)
                         -0.25    9.75   clock uncertainty
                          0.00    9.75   clock reconvergence pessimism
                         -2.00    7.75   output external delay
                                  7.75   data required time
-----------------------------------------------------------------------------
                                  7.75   data required time
                                 -0.57   data arrival time
-----------------------------------------------------------------------------
                                  7.18   slack (MET)


Startpoint: _14_ (rising edge-triggered flip-flop clocked by clk)
Endpoint: count[2] (output port clocked by clk)
Path Group: clk
Path Type: max

Fanout     Cap    Slew   Delay    Time   Description
-----------------------------------------------------------------------------
                  0.15    0.00    0.00   clock clk (rise edge)
                          0.00    0.00   clock network delay (ideal)
                  0.15    0.00    0.00 ^ _14_/CLK (sky130_fd_sc_hd__dfrtp_2)
                  0.13    0.55    0.55 v _14_/Q (sky130_fd_sc_hd__dfrtp_2)
     3    0.04                           count[2] (net)
                  0.13    0.00    0.56 v count[2] (out)
                                  0.56   data arrival time

                  0.15   10.00   10.00   clock clk (rise edge)
                          0.00   10.00   clock network delay (ideal)
                         -0.25    9.75   clock uncertainty
                          0.00    9.75   clock reconvergence pessimism
                         -2.00    7.75   output external delay
                                  7.75   data required time
-----------------------------------------------------------------------------
                                  7.75   data required time
                                 -0.56   data arrival time
-----------------------------------------------------------------------------
                                  7.19   slack (MET)


Startpoint: rst (input port clocked by clk)
Endpoint: _13_ (recovery check against rising-edge clock clk)
Path Group: asynchronous
Path Type: max

Fanout     Cap    Slew   Delay    Time   Description
-----------------------------------------------------------------------------
                  0.15    0.00    0.00   clock clk (rise edge)
                          0.00    0.00   clock network delay (ideal)
                          2.00    2.00 ^ input external delay
                  0.09    0.07    2.07 ^ rst (in)
     4    0.02                           rst (net)
                  0.09    0.00    2.07 ^ _13_/RESET_B (sky130_fd_sc_hd__dfrtp_2)
                                  2.07   data arrival time

                  0.15   10.00   10.00   clock clk (rise edge)
                          0.00   10.00   clock network delay (ideal)
                         -0.25    9.75   clock uncertainty
                          0.00    9.75   clock reconvergence pessimism
                                  9.75 ^ _13_/CLK (sky130_fd_sc_hd__dfrtp_2)
                          0.24    9.99   library recovery time
                                  9.99   data required time
-----------------------------------------------------------------------------
                                  9.99   data required time
                                 -2.07   data arrival time
-----------------------------------------------------------------------------
                                  7.92   slack (MET)


Startpoint: rst (input port clocked by clk)
Endpoint: _14_ (recovery check against rising-edge clock clk)
Path Group: asynchronous
Path Type: max

Fanout     Cap    Slew   Delay    Time   Description
-----------------------------------------------------------------------------
                  0.15    0.00    0.00   clock clk (rise edge)
                          0.00    0.00   clock network delay (ideal)
                          2.00    2.00 ^ input external delay
                  0.09    0.07    2.07 ^ rst (in)
     4    0.02                           rst (net)
                  0.09    0.00    2.07 ^ _14_/RESET_B (sky130_fd_sc_hd__dfrtp_2)
                                  2.07   data arrival time

                  0.15   10.00   10.00   clock clk (rise edge)
                          0.00   10.00   clock network delay (ideal)
                         -0.25    9.75   clock uncertainty
                          0.00    9.75   clock reconvergence pessimism
                                  9.75 ^ _14_/CLK (sky130_fd_sc_hd__dfrtp_2)
                          0.24    9.99   library recovery time
                                  9.99   data required time
-----------------------------------------------------------------------------
                                  9.99   data required time
                                 -2.07   data arrival time
-----------------------------------------------------------------------------
                                  7.92   slack (MET)


Startpoint: rst (input port clocked by clk)
Endpoint: _12_ (recovery check against rising-edge clock clk)
Path Group: asynchronous
Path Type: max

Fanout     Cap    Slew   Delay    Time   Description
-----------------------------------------------------------------------------
                  0.15    0.00    0.00   clock clk (rise edge)
                          0.00    0.00   clock network delay (ideal)
                          2.00    2.00 ^ input external delay
                  0.09    0.07    2.07 ^ rst (in)
     4    0.02                           rst (net)
                  0.09    0.00    2.07 ^ _12_/RESET_B (sky130_fd_sc_hd__dfrtp_2)
                                  2.07   data arrival time

                  0.15   10.00   10.00   clock clk (rise edge)
                          0.00   10.00   clock network delay (ideal)
                         -0.25    9.75   clock uncertainty
                          0.00    9.75   clock reconvergence pessimism
                                  9.75 ^ _12_/CLK (sky130_fd_sc_hd__dfrtp_2)
                          0.24    9.99   library recovery time
                                  9.99   data required time
-----------------------------------------------------------------------------
                                  9.99   data required time
                                 -2.07   data arrival time
-----------------------------------------------------------------------------
                                  7.92   slack (MET)


Startpoint: rst (input port clocked by clk)
Endpoint: _15_ (recovery check against rising-edge clock clk)
Path Group: asynchronous
Path Type: max

Fanout     Cap    Slew   Delay    Time   Description
-----------------------------------------------------------------------------
                  0.15    0.00    0.00   clock clk (rise edge)
                          0.00    0.00   clock network delay (ideal)
                          2.00    2.00 ^ input external delay
                  0.09    0.07    2.07 ^ rst (in)
     4    0.02                           rst (net)
                  0.09    0.00    2.07 ^ _15_/RESET_B (sky130_fd_sc_hd__dfrtp_2)
                                  2.07   data arrival time

                  0.15   10.00   10.00   clock clk (rise edge)
                          0.00   10.00   clock network delay (ideal)
                         -0.25    9.75   clock uncertainty
                          0.00    9.75   clock reconvergence pessimism
                                  9.75 ^ _15_/CLK (sky130_fd_sc_hd__dfrtp_2)
                          0.24    9.99   library recovery time
                                  9.99   data required time
-----------------------------------------------------------------------------
                                  9.99   data required time
                                 -2.07   data arrival time
-----------------------------------------------------------------------------
                                  7.92   slack (MET)


Startpoint: _12_ (rising edge-triggered flip-flop clocked by clk)
Endpoint: _15_ (rising edge-triggered flip-flop clocked by clk)
Path Group: clk
Path Type: max

Fanout     Cap    Slew   Delay    Time   Description
-----------------------------------------------------------------------------
                  0.15    0.00    0.00   clock clk (rise edge)
                          0.00    0.00   clock network delay (ideal)
                  0.15    0.00    0.00 ^ _12_/CLK (sky130_fd_sc_hd__dfrtp_2)
                  0.16    0.58    0.58 v _12_/Q (sky130_fd_sc_hd__dfrtp_2)
     5    0.06                           count[0] (net)
                  0.16    0.00    0.58 v _08_/B (sky130_fd_sc_hd__and3_2)
                  0.06    0.29    0.86 v _08_/X (sky130_fd_sc_hd__and3_2)
     2    0.01                           _05_ (net)
                  0.06    0.00    0.86 v _10_/B (sky130_fd_sc_hd__xor2_2)
                  0.06    0.14    1.01 v _10_/X (sky130_fd_sc_hd__xor2_2)
     1    0.00                           _03_ (net)
                  0.06    0.00    1.01 v _15_/D (sky130_fd_sc_hd__dfrtp_2)
                                  1.01   data arrival time

                  0.15   10.00   10.00   clock clk (rise edge)
                          0.00   10.00   clock network delay (ideal)
                         -0.25    9.75   clock uncertainty
                          0.00    9.75   clock reconvergence pessimism
                                  9.75 ^ _15_/CLK (sky130_fd_sc_hd__dfrtp_2)
                         -0.10    9.65   library setup time
                                  9.65   data required time
-----------------------------------------------------------------------------
                                  9.65   data required time
                                 -1.01   data arrival time
-----------------------------------------------------------------------------
                                  8.65   slack (MET)


Startpoint: _12_ (rising edge-triggered flip-flop clocked by clk)
Endpoint: _14_ (rising edge-triggered flip-flop clocked by clk)
Path Group: clk
Path Type: max

Fanout     Cap    Slew   Delay    Time   Description
-----------------------------------------------------------------------------
                  0.15    0.00    0.00   clock clk (rise edge)
                          0.00    0.00   clock network delay (ideal)
                  0.15    0.00    0.00 ^ _12_/CLK (sky130_fd_sc_hd__dfrtp_2)
                  0.28    0.59    0.59 ^ _12_/Q (sky130_fd_sc_hd__dfrtp_2)
     5    0.06                           count[0] (net)
                  0.28    0.00    0.59 ^ _08_/B (sky130_fd_sc_hd__and3_2)
                  0.09    0.29    0.88 ^ _08_/X (sky130_fd_sc_hd__and3_2)
     2    0.01                           _05_ (net)
                  0.09    0.00    0.88 ^ _09_/B (sky130_fd_sc_hd__nor2_2)
                  0.03    0.04    0.92 v _09_/Y (sky130_fd_sc_hd__nor2_2)
     1    0.00                           _02_ (net)
                  0.03    0.00    0.92 v _14_/D (sky130_fd_sc_hd__dfrtp_2)
                                  0.92   data arrival time

                  0.15   10.00   10.00   clock clk (rise edge)
                          0.00   10.00   clock network delay (ideal)
                         -0.25    9.75   clock uncertainty
                          0.00    9.75   clock reconvergence pessimism
                                  9.75 ^ _14_/CLK (sky130_fd_sc_hd__dfrtp_2)
                         -0.08    9.67   library setup time
                                  9.67   data required time
-----------------------------------------------------------------------------
                                  9.67   data required time
                                 -0.92   data arrival time
-----------------------------------------------------------------------------
                                  8.75   slack (MET)


Startpoint: _13_ (rising edge-triggered flip-flop clocked by clk)
Endpoint: _13_ (rising edge-triggered flip-flop clocked by clk)
Path Group: clk
Path Type: max

Fanout     Cap    Slew   Delay    Time   Description
-----------------------------------------------------------------------------
                  0.15    0.00    0.00   clock clk (rise edge)
                          0.00    0.00   clock network delay (ideal)
                  0.15    0.00    0.00 ^ _13_/CLK (sky130_fd_sc_hd__dfrtp_2)
                  0.15    0.57    0.57 v _13_/Q (sky130_fd_sc_hd__dfrtp_2)
     4    0.06                           count[1] (net)
                  0.15    0.00    0.57 v _06_/A (sky130_fd_sc_hd__xor2_2)
                  0.07    0.21    0.78 v _06_/X (sky130_fd_sc_hd__xor2_2)
     1    0.00                           _01_ (net)
                  0.07    0.00    0.78 v _13_/D (sky130_fd_sc_hd__dfrtp_2)
                                  0.78   data arrival time

                  0.15   10.00   10.00   clock clk (rise edge)
                          0.00   10.00   clock network delay (ideal)
                         -0.25    9.75   clock uncertainty
                          0.00    9.75   clock reconvergence pessimism
                                  9.75 ^ _13_/CLK (sky130_fd_sc_hd__dfrtp_2)
                         -0.10    9.65   library setup time
                                  9.65   data required time
-----------------------------------------------------------------------------
                                  9.65   data required time
                                 -0.78   data arrival time
-----------------------------------------------------------------------------
                                  8.86   slack (MET)


Startpoint: _12_ (rising edge-triggered flip-flop clocked by clk)
Endpoint: _12_ (rising edge-triggered flip-flop clocked by clk)
Path Group: clk
Path Type: max

Fanout     Cap    Slew   Delay    Time   Description
-----------------------------------------------------------------------------
                  0.15    0.00    0.00   clock clk (rise edge)
                          0.00    0.00   clock network delay (ideal)
                  0.15    0.00    0.00 ^ _12_/CLK (sky130_fd_sc_hd__dfrtp_2)
                  0.28    0.59    0.59 ^ _12_/Q (sky130_fd_sc_hd__dfrtp_2)
     5    0.06                           count[0] (net)
                  0.28    0.00    0.59 ^ _11_/A (sky130_fd_sc_hd__inv_2)
                  0.04    0.04    0.63 v _11_/Y (sky130_fd_sc_hd__inv_2)
     1    0.00                           _00_ (net)
                  0.04    0.00    0.63 v _12_/D (sky130_fd_sc_hd__dfrtp_2)
                                  0.63   data arrival time

                  0.15   10.00   10.00   clock clk (rise edge)
                          0.00   10.00   clock network delay (ideal)
                         -0.25    9.75   clock uncertainty
                          0.00    9.75   clock reconvergence pessimism
                                  9.75 ^ _12_/CLK (sky130_fd_sc_hd__dfrtp_2)
                         -0.09    9.66   library setup time
                                  9.66   data required time
-----------------------------------------------------------------------------
                                  9.66   data required time
                                 -0.63   data arrival time
-----------------------------------------------------------------------------
                                  9.03   slack (MET)



