OpenROAD 41a51eaf4ca2171c92ff38afb91eb37bbd3f36da 
This program is licensed under the BSD-3 license. See the LICENSE file for details.
Components of this program may be licensed under more restrictive licenses which must be honored.
[INFO]: Reading ODB at '/openlane/designs/counter/runs/RUN_2026.05.27_14.32.29/tmp/cts/14-counter.resized.odb'…
define_corners Slowest Typical Fastest
read_liberty -corner Slowest /home/dlohchab/.ciel/sky130A/libs.ref/sky130_fd_sc_hd/lib/sky130_fd_sc_hd__ss_100C_1v60.lib
read_liberty -corner Typical /home/dlohchab/.ciel/sky130A/libs.ref/sky130_fd_sc_hd/lib/sky130_fd_sc_hd__tt_025C_1v80.lib
read_liberty -corner Fastest /home/dlohchab/.ciel/sky130A/libs.ref/sky130_fd_sc_hd/lib/sky130_fd_sc_hd__ff_n40C_1v95.lib
Using 1e-12 for capacitance...
Using 1e+03 for resistance...
Using 1e-09 for time...
Using 1e+00 for voltage...
Using 1e-03 for current...
Using 1e-09 for power...
Using 1e-06 for distance...
Reading design constraints file at '/openlane/designs/counter/runs/RUN_2026.05.27_14.32.29/tmp/cts/14-counter.resized.sdc'…
[INFO]: Setting signal min routing layer to: met1 and clock min routing layer to met3. 
[INFO]: Setting signal max routing layer to: met5 and clock max routing layer to met5. 
-congestion_iterations 50 -verbose -congestion_report_file /openlane/designs/counter/runs/RUN_2026.05.27_14.32.29/tmp/routing/resizer-routing-design-congestion.rpt
[INFO GRT-0020] Min routing layer: met1
[INFO GRT-0021] Max routing layer: met5
[INFO GRT-0022] Global adjustment: 30%
[INFO GRT-0023] Grid origin: (0, 0)
[INFO GRT-0043] No OR_DEFAULT vias defined.
[INFO GRT-0088] Layer li1     Track-Pitch = 0.4600  line-2-Via Pitch: 0.3400
[INFO GRT-0088] Layer met1    Track-Pitch = 0.3400  line-2-Via Pitch: 0.3400
[INFO GRT-0088] Layer met2    Track-Pitch = 0.4600  line-2-Via Pitch: 0.3500
[INFO GRT-0088] Layer met3    Track-Pitch = 0.6800  line-2-Via Pitch: 0.6150
[INFO GRT-0088] Layer met4    Track-Pitch = 0.9200  line-2-Via Pitch: 1.0400
[INFO GRT-0088] Layer met5    Track-Pitch = 3.4000  line-2-Via Pitch: 3.1100
[INFO GRT-0019] Found 4 clock nets.
[INFO GRT-0001] Minimum degree: 2
[INFO GRT-0002] Maximum degree: 5
[INFO GRT-0003] Macros: 0
[INFO GRT-0004] Blockages: 56

[INFO GRT-0053] Routing resources analysis:
          Routing      Original      Derated      Resource
Layer     Direction    Resources     Resources    Reduction (%)
---------------------------------------------------------------
li1        Vertical            0             0          0.00%
met1       Horizontal       3920          2142          45.36%
met2       Vertical         2940          1974          32.86%
met3       Horizontal       1960          1332          32.04%
met4       Vertical         1176           643          45.32%
met5       Horizontal        392           169          56.89%
---------------------------------------------------------------

[INFO GRT-0197] Via related to pin nodes: 94
[INFO GRT-0198] Via related Steiner nodes: 1
[INFO GRT-0199] Via filling finished.
[INFO GRT-0111] Final number of vias: 104
[INFO GRT-0112] Final usage 3D: 397

[INFO GRT-0096] Final congestion report:
Layer         Resource        Demand        Usage (%)    Max H / Max V / Total Overflow
---------------------------------------------------------------------------------------
li1                  0             0            0.00%             0 /  0 /  0
met1              2142            37            1.73%             0 /  0 /  0
met2              1974            37            1.87%             0 /  0 /  0
met3              1332             5            0.38%             0 /  0 /  0
met4               643             6            0.93%             0 /  0 /  0
met5               169             0            0.00%             0 /  0 /  0
---------------------------------------------------------------------------------------
Total             6260            85            1.36%             0 /  0 /  0

[INFO GRT-0018] Total wirelength: 979 um
[INFO GRT-0014] Routed nets: 25
[INFO]: Setting RC values...
[INFO RSZ-0058] Using max wire length 4508um.
[INFO GRT-0009] rerouting 2 nets.
[INFO GRT-0009] rerouting 3 nets.
[INFO GRT-0001] Minimum degree: 3
[INFO GRT-0002] Maximum degree: 3
[INFO GRT-0009] rerouting 4 nets.
[INFO GRT-0009] rerouting 5 nets.
[INFO GRT-0009] rerouting 6 nets.
[INFO GRT-0009] rerouting 6 nets.
[INFO GRT-0009] rerouting 6 nets.
[INFO RSZ-0039] Resized 4 instances.
Placement Analysis
---------------------------------
total displacement          0.0 u
average displacement        0.0 u
max displacement            0.0 u
original HPWL             667.5 u
legalized HPWL            691.4 u
delta HPWL                    4 %

[INFO DPL-0020] Mirrored 12 instances
[INFO DPL-0021] HPWL before             691.4 u
[INFO DPL-0022] HPWL after              667.5 u
[INFO DPL-0023] HPWL delta               -3.5 %
Setting global connections for newly added cells…
Writing OpenROAD database to '/openlane/designs/counter/runs/RUN_2026.05.27_14.32.29/tmp/15-counter.odb'…
Writing netlist to '/openlane/designs/counter/runs/RUN_2026.05.27_14.32.29/tmp/15-counter.nl.v'…
Writing powered netlist to '/openlane/designs/counter/runs/RUN_2026.05.27_14.32.29/tmp/15-counter.pnl.v'…
Writing layout to '/openlane/designs/counter/runs/RUN_2026.05.27_14.32.29/tmp/15-counter.def'…
Writing timing constraints to '/openlane/designs/counter/runs/RUN_2026.05.27_14.32.29/tmp/15-counter.sdc'…
area_report

===========================================================================
report_design_area
============================================================================
Design area 403 u^2 6% utilization.
area_report_end
