OpenROAD 41a51eaf4ca2171c92ff38afb91eb37bbd3f36da 
This program is licensed under the BSD-3 license. See the LICENSE file for details.
Components of this program may be licensed under more restrictive licenses which must be honored.
[INFO]: Reading ODB at '/openlane/designs/counter/runs/RUN_2026.05.27_14.32.29/tmp/routing/22-fill.odb'…
define_corners Typical
read_liberty -corner Typical /home/dlohchab/.ciel/sky130A/libs.ref/sky130_fd_sc_hd/lib/sky130_fd_sc_hd__tt_025C_1v80.lib
Using 1e-12 for capacitance...
Using 1e+03 for resistance...
Using 1e-09 for time...
Using 1e+00 for voltage...
Using 1e-03 for current...
Using 1e-09 for power...
Using 1e-06 for distance...
Reading design constraints file at '/openlane/designs/counter/runs/RUN_2026.05.27_14.32.29/tmp/17-counter.sdc'…
[INFO ORD-0030] Using 2 thread(s).
[INFO DRT-0149] Reading tech and libs.

Units:                1000
Number of layers:     13
Number of macros:     441
Number of vias:       25
Number of viarulegen: 25

[INFO DRT-0150] Reading design.

Design:                   counter
Die area:                 ( 0 0 ) ( 100000 100000 )
Number of track patterns: 12
Number of DEF vias:       0
Number of components:     732
Number of terminals:      8
Number of snets:          2
Number of nets:           25

[INFO DRT-0167] List of default vias:
  Layer mcon
    default via: L1M1_PR
  Layer via
    default via: M1M2_PR
  Layer via2
    default via: M2M3_PR
  Layer via3
    default via: M3M4_PR
  Layer via4
    default via: M4M5_PR
[INFO DRT-0162] Library cell analysis.
[INFO DRT-0163] Instance analysis.
[INFO DRT-0164] Number of unique instances = 37.
[INFO DRT-0168] Init region query.
[INFO DRT-0024]   Complete FR_MASTERSLICE.
[INFO DRT-0024]   Complete licon.
[INFO DRT-0024]   Complete li1.
[INFO DRT-0024]   Complete mcon.
[INFO DRT-0024]   Complete met1.
[INFO DRT-0024]   Complete via.
[INFO DRT-0024]   Complete met2.
[INFO DRT-0024]   Complete via2.
[INFO DRT-0024]   Complete met3.
[INFO DRT-0024]   Complete via3.
[INFO DRT-0024]   Complete met4.
[INFO DRT-0024]   Complete via4.
[INFO DRT-0024]   Complete met5.
[INFO DRT-0033] FR_MASTERSLICE shape region query size = 0.
[INFO DRT-0033] licon shape region query size = 0.
[INFO DRT-0033] li1 shape region query size = 4448.
[INFO DRT-0033] mcon shape region query size = 8496.
[INFO DRT-0033] met1 shape region query size = 1689.
[INFO DRT-0033] via shape region query size = 580.
[INFO DRT-0033] met2 shape region query size = 352.
[INFO DRT-0033] via2 shape region query size = 464.
[INFO DRT-0033] met3 shape region query size = 350.
[INFO DRT-0033] via3 shape region query size = 464.
[INFO DRT-0033] met4 shape region query size = 164.
[INFO DRT-0033] via4 shape region query size = 32.
[INFO DRT-0033] met5 shape region query size = 48.
[INFO DRT-0165] Start pin access.
[INFO DRT-0078]   Complete 49 pins.
[INFO DRT-0081]   Complete 19 unique inst patterns.
[INFO DRT-0084]   Complete 16 groups.
#scanned instances     = 732
#unique  instances     = 37
#stdCellGenAp          = 497
#stdCellValidPlanarAp  = 8
#stdCellValidViaAp     = 311
#stdCellPinNoAp        = 0
#stdCellPinCnt         = 61
#instTermValidViaApCnt = 0
#macroGenAp            = 0
#macroValidPlanarAp    = 0
#macroValidViaAp       = 0
#macroNoAp             = 0
[INFO DRT-0166] Complete pin access.
[INFO DRT-0267] cpu time = 00:00:01, elapsed time = 00:00:00, memory = 112.67 (MB), peak = 112.45 (MB)

Number of guides:     152

[INFO DRT-0169] Post process guides.
[INFO DRT-0176] GCELLGRID X 0 DO 14 STEP 6900 ;
[INFO DRT-0177] GCELLGRID Y 0 DO 14 STEP 6900 ;
[INFO DRT-0028]   Complete FR_MASTERSLICE.
[INFO DRT-0028]   Complete licon.
[INFO DRT-0028]   Complete li1.
[INFO DRT-0028]   Complete mcon.
[INFO DRT-0028]   Complete met1.
[INFO DRT-0028]   Complete via.
[INFO DRT-0028]   Complete met2.
[INFO DRT-0028]   Complete via2.
[INFO DRT-0028]   Complete met3.
[INFO DRT-0028]   Complete via3.
[INFO DRT-0028]   Complete met4.
[INFO DRT-0028]   Complete via4.
[INFO DRT-0028]   Complete met5.
[INFO DRT-0178] Init guide query.
[INFO DRT-0035]   Complete FR_MASTERSLICE (guide).
[INFO DRT-0035]   Complete licon (guide).
[INFO DRT-0035]   Complete li1 (guide).
[INFO DRT-0035]   Complete mcon (guide).
[INFO DRT-0035]   Complete met1 (guide).
[INFO DRT-0035]   Complete via (guide).
[INFO DRT-0035]   Complete met2 (guide).
[INFO DRT-0035]   Complete via2 (guide).
[INFO DRT-0035]   Complete met3 (guide).
[INFO DRT-0035]   Complete via3 (guide).
[INFO DRT-0035]   Complete met4 (guide).
[INFO DRT-0035]   Complete via4 (guide).
[INFO DRT-0035]   Complete met5 (guide).
[INFO DRT-0036] FR_MASTERSLICE guide region query size = 0.
[INFO DRT-0036] licon guide region query size = 0.
[INFO DRT-0036] li1 guide region query size = 50.
[INFO DRT-0036] mcon guide region query size = 0.
[INFO DRT-0036] met1 guide region query size = 42.
[INFO DRT-0036] via guide region query size = 0.
[INFO DRT-0036] met2 guide region query size = 22.
[INFO DRT-0036] via2 guide region query size = 0.
[INFO DRT-0036] met3 guide region query size = 6.
[INFO DRT-0036] via3 guide region query size = 0.
[INFO DRT-0036] met4 guide region query size = 3.
[INFO DRT-0036] via4 guide region query size = 0.
[INFO DRT-0036] met5 guide region query size = 0.
[INFO DRT-0179] Init gr pin query.
[INFO DRT-0245] skipped writing guide updates to database.
[INFO DRT-0185] Post process initialize RPin region query.
[INFO DRT-0181] Start track assignment.
[INFO DRT-0184] Done with 75 vertical wires in 1 frboxes and 48 horizontal wires in 1 frboxes.
[INFO DRT-0186] Done with 4 vertical wires in 1 frboxes and 6 horizontal wires in 1 frboxes.
[INFO DRT-0182] Complete track assignment.
[INFO DRT-0267] cpu time = 00:00:00, elapsed time = 00:00:00, memory = 113.11 (MB), peak = 114.51 (MB)
[INFO DRT-0187] Start routing data preparation.
[INFO DRT-0267] cpu time = 00:00:00, elapsed time = 00:00:00, memory = 113.11 (MB), peak = 114.51 (MB)
[INFO DRT-0194] Start detail routing.
[INFO DRT-0195] Start 0th optimization iteration.
    Completing 10% with 0 violations.
    elapsed time = 00:00:00, memory = 122.42 (MB).
    Completing 20% with 0 violations.
    elapsed time = 00:00:00, memory = 125.33 (MB).
    Completing 30% with 3 violations.
    elapsed time = 00:00:00, memory = 126.60 (MB).
    Completing 40% with 5 violations.
    elapsed time = 00:00:00, memory = 126.60 (MB).
[INFO DRT-0199]   Number of violations = 15.
Viol/Layer        met1   met3
Metal Spacing        5      3
Min Hole             1      0
Recheck              5      0
Short                1      0
[INFO DRT-0267] cpu time = 00:00:00, elapsed time = 00:00:00, memory = 126.32 (MB), peak = 476.03 (MB)
Total wire length = 698 um.
Total wire length on LAYER li1 = 0 um.
Total wire length on LAYER met1 = 314 um.
Total wire length on LAYER met2 = 292 um.
Total wire length on LAYER met3 = 63 um.
Total wire length on LAYER met4 = 27 um.
Total wire length on LAYER met5 = 0 um.
Total number of vias = 125.
Up-via summary (total 125):.

----------------------
 FR_MASTERSLICE      0
            li1     57
           met1     61
           met2      5
           met3      2
           met4      0
----------------------
                   125


[INFO DRT-0195] Start 1st optimization iteration.
    Completing 10% with 15 violations.
    elapsed time = 00:00:00, memory = 127.54 (MB).
    Completing 20% with 15 violations.
    elapsed time = 00:00:00, memory = 129.49 (MB).
    Completing 30% with 15 violations.
    elapsed time = 00:00:00, memory = 129.49 (MB).
    Completing 40% with 15 violations.
    elapsed time = 00:00:00, memory = 129.49 (MB).
    Completing 50% with 15 violations.
    elapsed time = 00:00:00, memory = 130.68 (MB).
    Completing 60% with 15 violations.
    elapsed time = 00:00:00, memory = 130.68 (MB).
    Completing 70% with 9 violations.
    elapsed time = 00:00:00, memory = 130.72 (MB).
    Completing 80% with 9 violations.
    elapsed time = 00:00:00, memory = 130.72 (MB).
    Completing 90% with 9 violations.
    elapsed time = 00:00:00, memory = 135.51 (MB).
    Completing 100% with 0 violations.
    elapsed time = 00:00:00, memory = 135.51 (MB).
[INFO DRT-0199]   Number of violations = 0.
[INFO DRT-0267] cpu time = 00:00:00, elapsed time = 00:00:00, memory = 141.07 (MB), peak = 480.43 (MB)
Total wire length = 687 um.
Total wire length on LAYER li1 = 0 um.
Total wire length on LAYER met1 = 324 um.
Total wire length on LAYER met2 = 286 um.
Total wire length on LAYER met3 = 55 um.
Total wire length on LAYER met4 = 21 um.
Total wire length on LAYER met5 = 0 um.
Total number of vias = 117.
Up-via summary (total 117):.

----------------------
 FR_MASTERSLICE      0
            li1     57
           met1     54
           met2      4
           met3      2
           met4      0
----------------------
                   117


[INFO DRT-0198] Complete detail routing.
Total wire length = 687 um.
Total wire length on LAYER li1 = 0 um.
Total wire length on LAYER met1 = 324 um.
Total wire length on LAYER met2 = 286 um.
Total wire length on LAYER met3 = 55 um.
Total wire length on LAYER met4 = 21 um.
Total wire length on LAYER met5 = 0 um.
Total number of vias = 117.
Up-via summary (total 117):.

----------------------
 FR_MASTERSLICE      0
            li1     57
           met1     54
           met2      4
           met3      2
           met4      0
----------------------
                   117


[INFO DRT-0267] cpu time = 00:00:01, elapsed time = 00:00:01, memory = 141.07 (MB), peak = 480.43 (MB)

[INFO DRT-0180] Post processing.
Setting global connections for newly added cells…
Writing OpenROAD database to '/openlane/designs/counter/runs/RUN_2026.05.27_14.32.29/results/routing/counter.odb'…
Writing netlist to '/openlane/designs/counter/runs/RUN_2026.05.27_14.32.29/results/routing/counter.nl.v'…
Writing powered netlist to '/openlane/designs/counter/runs/RUN_2026.05.27_14.32.29/results/routing/counter.pnl.v'…
Writing layout to '/openlane/designs/counter/runs/RUN_2026.05.27_14.32.29/results/routing/counter.def'…
