Instance name,  X location,  Y location,  Voltage 
FILLER_0_27_165, 86.5, 87.04, 3.04517e-05
output5, 86.5, 81.6, 4.65016e-05
FILLER_0_27_181, 86.5, 81.6, 4.65016e-05
FILLER_0_25_181, 86.5, 76.16, 2.96962e-05
FILLER_0_23_181, 86.5, 70.72, 2.89458e-05
FILLER_0_21_181, 86.5, 65.28, 2.81952e-05
FILLER_0_19_181, 86.5, 59.84, 2.7417e-05
FILLER_0_17_181, 86.5, 54.4, 2.96186e-05
FILLER_0_15_181, 86.5, 48.96, 3.20968e-05
FILLER_0_13_181, 86.5, 43.52, 2.53324e-05
FILLER_0_11_181, 86.5, 38.08, 2.35849e-05
FILLER_0_9_181, 86.5, 32.64, 2.49691e-05
FILLER_0_7_181, 86.5, 27.2, 2.68117e-05
FILLER_0_5_181, 86.5, 21.76, 2.44838e-05
FILLER_0_3_181, 86.5, 16.32, 2.45422e-05
FILLER_0_0_165, 86.5, 10.88, 2.50648e-05
FILLER_0_0_181, 86.5, 10.88, 2.50648e-05
FILLER_0_1_181, 86.5, 10.88, 2.50648e-05
FILLER_0_26_133, 64.305, 81.6, 3.5484e-05
FILLER_0_27_137, 64.305, 81.6, 3.5484e-05
FILLER_0_24_133, 64.305, 76.16, 2.94346e-05
FILLER_0_22_133, 64.305, 70.72, 2.88752e-05
FILLER_0_20_133, 64.305, 65.28, 2.83107e-05
FILLER_0_18_133, 64.305, 59.84, 2.7728e-05
FILLER_0_16_135, 64.305, 54.4, 3.687e-05
_11_, 64.305, 48.96, 4.73476e-05
hold1, 64.305, 48.96, 4.73476e-05
FILLER_0_14_121, 64.305, 48.96, 4.73476e-05
FILLER_0_14_129, 64.305, 48.96, 4.73476e-05
FILLER_0_14_137, 64.305, 48.96, 4.73476e-05
FILLER_0_12_131, 64.305, 43.52, 2.90105e-05
FILLER_0_10_133, 64.305, 38.08, 2.33084e-05
FILLER_0_8_133, 64.305, 32.64, 2.40746e-05
FILLER_0_6_133, 64.305, 27.2, 3.23827e-05
FILLER_0_4_133, 64.305, 21.76, 2.46898e-05
FILLER_0_2_133, 64.305, 16.32, 2.47821e-05
output2, 64.305, 10.88, 2.63833e-05
FILLER_0_0_125, 64.305, 10.88, 2.63833e-05
FILLER_0_0_135, 64.305, 10.88, 2.63833e-05
FILLER_0_27_77, 42.11, 87.04, 3.01345e-05
FILLER_0_26_77, 42.11, 81.6, 3.7314e-05
FILLER_0_24_77, 42.11, 76.16, 2.96966e-05
FILLER_0_22_77, 42.11, 70.72, 2.92633e-05
FILLER_0_20_77, 42.11, 65.28, 2.8837e-05
FILLER_0_18_77, 42.11, 59.84, 2.84612e-05
clkbuf_0_clk, 42.11, 54.4, 6.62929e-05
FILLER_0_16_77, 42.11, 54.4, 6.62929e-05
FILLER_0_16_85, 42.11, 54.4, 6.62929e-05
_06_, 42.11, 48.96, 7.56253e-05
_09_, 42.11, 48.96, 7.56253e-05
_10_, 42.11, 48.96, 7.56253e-05
_14_, 42.11, 48.96, 7.56253e-05
hold4, 42.11, 48.96, 7.56253e-05
FILLER_0_13_69, 42.11, 48.96, 7.56253e-05
_08_, 42.11, 43.52, 4.27045e-05
_12_, 42.11, 43.52, 4.27045e-05
_13_, 42.11, 43.52, 4.27045e-05
hold5, 42.11, 43.52, 4.27045e-05
_07_, 42.11, 38.08, 2.33901e-05
FILLER_0_10_77, 42.11, 38.08, 2.33901e-05
FILLER_0_11_81, 42.11, 38.08, 2.33901e-05
FILLER_0_8_77, 42.11, 32.64, 2.37675e-05
clkbuf_1_0__f_clk, 42.11, 27.2, 5.554e-05
FILLER_0_5_69, 42.11, 27.2, 5.554e-05
FILLER_0_6_77, 42.11, 27.2, 5.554e-05
FILLER_0_4_77, 42.11, 21.76, 2.50986e-05
FILLER_0_2_77, 42.11, 16.32, 2.52026e-05
FILLER_0_0_81, 42.11, 10.88, 2.66712e-05
PHY_54, 5.52, 87.04, 3.00233e-05
PHY_55, 94.3, 87.04, 3.04517e-05
FILLER_0_27_53, 31.012, 87.04, 3.00789e-05
PHY_50, 5.52, 81.6, 3.75965e-05
PHY_52, 5.52, 81.6, 3.75965e-05
PHY_51, 94.3, 81.6, 4.65016e-05
PHY_53, 94.3, 81.6, 4.65016e-05
output4, 31.012, 81.6, 4.60568e-05
FILLER_0_25_51, 31.012, 81.6, 4.60568e-05
FILLER_0_27_109, 53.207, 81.6, 3.63991e-05
PHY_46, 5.52, 76.16, 2.95422e-05
PHY_48, 5.52, 76.16, 2.95422e-05
PHY_47, 94.3, 76.16, 2.96962e-05
PHY_49, 94.3, 76.16, 2.96962e-05
FILLER_0_23_51, 31.012, 76.16, 2.96194e-05
FILLER_0_25_105, 53.207, 76.16, 2.95656e-05
FILLER_0_25_161, 75.402, 76.16, 2.95654e-05
PHY_42, 5.52, 70.72, 2.90585e-05
PHY_44, 5.52, 70.72, 2.90585e-05
PHY_43, 94.3, 70.72, 2.89458e-05
PHY_45, 94.3, 70.72, 2.89458e-05
FILLER_0_21_51, 31.012, 70.72, 2.91609e-05
FILLER_0_23_105, 53.207, 70.72, 2.90692e-05
FILLER_0_23_161, 75.402, 70.72, 2.89105e-05
PHY_38, 5.52, 65.28, 2.85731e-05
PHY_40, 5.52, 65.28, 2.85731e-05
PHY_39, 94.3, 65.28, 2.81952e-05
PHY_41, 94.3, 65.28, 2.81952e-05
FILLER_0_19_51, 31.012, 65.28, 2.8705e-05
FILLER_0_21_105, 53.207, 65.28, 2.85739e-05
FILLER_0_21_161, 75.402, 65.28, 2.8253e-05
PHY_34, 5.52, 59.84, 2.80829e-05
PHY_36, 5.52, 59.84, 2.80829e-05
PHY_35, 94.3, 59.84, 2.7417e-05
PHY_37, 94.3, 59.84, 2.7417e-05
FILLER_0_17_51, 31.012, 59.84, 2.82721e-05
FILLER_0_19_105, 53.207, 59.84, 2.80946e-05
FILLER_0_19_161, 75.402, 59.84, 2.75725e-05
PHY_30, 5.52, 54.4, 3.94277e-05
PHY_32, 5.52, 54.4, 3.94277e-05
PHY_31, 94.3, 54.4, 2.96186e-05
PHY_33, 94.3, 54.4, 2.96186e-05
FILLER_0_15_51, 31.012, 54.4, 5.28597e-05
FILLER_0_17_105, 53.207, 54.4, 5.15821e-05
FILLER_0_17_161, 75.402, 54.4, 3.32445e-05
PHY_26, 5.52, 48.96, 5.80287e-05
PHY_28, 5.52, 48.96, 5.80287e-05
PHY_27, 94.3, 48.96, 3.20969e-05
PHY_29, 94.3, 48.96, 3.20969e-05
clkbuf_1_1__f_clk, 31.012, 48.96, 9.35771e-05
FILLER_0_13_51, 31.012, 48.96, 9.35771e-05
FILLER_0_14_65, 31.012, 48.96, 9.35771e-05
FILLER_0_15_57, 31.012, 48.96, 9.35771e-05
_15_, 53.207, 48.96, 7.79405e-05
hold3, 53.207, 48.96, 7.79405e-05
FILLER_0_15_107, 53.207, 48.96, 7.79405e-05
FILLER_0_15_161, 75.402, 48.96, 3.97226e-05
PHY_22, 5.52, 43.52, 2.89033e-05
PHY_24, 5.52, 43.52, 2.89033e-05
PHY_23, 94.3, 43.52, 2.53325e-05
PHY_25, 94.3, 43.52, 2.53325e-05
FILLER_0_11_51, 31.012, 43.52, 3.58036e-05
hold2, 53.207, 43.52, 3.75211e-05
FILLER_0_13_160, 75.402, 43.52, 2.71716e-05
PHY_18, 5.52, 38.08, 2.30604e-05
PHY_20, 5.52, 38.08, 2.30604e-05
PHY_19, 94.3, 38.08, 2.35849e-05
PHY_21, 94.3, 38.08, 2.35849e-05
FILLER_0_9_51, 31.012, 38.08, 2.32252e-05
FILLER_0_11_106, 53.207, 38.08, 2.33492e-05
FILLER_0_11_161, 75.402, 38.08, 2.34466e-05
PHY_14, 5.52, 32.64, 2.37804e-05
PHY_16, 5.52, 32.64, 2.37804e-05
PHY_15, 94.3, 32.64, 2.60127e-05
PHY_17, 94.3, 32.64, 2.60127e-05
input1, 94.3, 32.64, 2.60127e-05
FILLER_0_7_51, 31.012, 32.64, 2.37739e-05
FILLER_0_9_105, 53.207, 32.64, 2.39211e-05
FILLER_0_9_161, 75.402, 32.64, 2.45219e-05
PHY_10, 5.52, 27.2, 3.42542e-05
PHY_12, 5.52, 27.2, 3.42542e-05
PHY_11, 94.3, 27.2, 2.68117e-05
PHY_13, 94.3, 27.2, 2.68117e-05
FILLER_0_5_51, 31.012, 27.2, 4.48966e-05
FILLER_0_7_105, 53.207, 27.2, 4.39619e-05
FILLER_0_7_161, 75.402, 27.2, 2.95974e-05
PHY_6, 5.52, 21.76, 2.49875e-05
PHY_8, 5.52, 21.76, 2.49875e-05
PHY_7, 94.3, 21.76, 2.44839e-05
PHY_9, 94.3, 21.76, 2.44839e-05
FILLER_0_3_51, 31.012, 21.76, 2.5043e-05
FILLER_0_5_105, 53.207, 21.76, 2.48942e-05
FILLER_0_5_161, 75.402, 21.76, 2.45868e-05
PHY_2, 5.52, 16.32, 2.51966e-05
PHY_4, 5.52, 16.32, 2.51966e-05
PHY_3, 94.3, 16.32, 2.45422e-05
PHY_5, 94.3, 16.32, 2.45422e-05
FILLER_0_1_51, 31.012, 16.32, 2.51996e-05
FILLER_0_3_105, 53.207, 16.32, 2.49924e-05
FILLER_0_3_161, 75.402, 16.32, 2.46622e-05
PHY_0, 5.52, 10.88, 3.7556e-05
output3, 5.52, 10.88, 3.7556e-05
PHY_1, 94.3, 10.88, 2.50648e-05
FILLER_0_0_21, 12.717, 10.88, 3.3592e-05
FILLER_0_0_53, 31.012, 10.88, 2.81494e-05
FILLER_0_0_109, 53.207, 10.88, 2.65273e-05
FILLER_0_1_105, 53.207, 10.88, 2.65273e-05
FILLER_0_1_161, 75.402, 10.88, 2.57241e-05

