Instance name,  X location,  Y location,  Voltage 
FILLER_0_27_165, 83.2, 84.32, 1.79996
FILLER_0_25_161, 83.2, 78.88, 1.79998
FILLER_0_23_161, 83.2, 73.44, 1.79998
FILLER_0_21_161, 83.2, 68, 1.79998
FILLER_0_19_161, 83.2, 62.56, 1.79998
FILLER_0_17_161, 83.2, 57.12, 1.79997
FILLER_0_15_161, 83.2, 51.68, 1.79997
FILLER_0_13_160, 83.2, 46.24, 1.79997
FILLER_0_11_161, 83.2, 40.8, 1.79997
FILLER_0_9_161, 83.2, 35.36, 1.79997
FILLER_0_7_161, 83.2, 29.92, 1.79997
FILLER_0_5_161, 83.2, 24.48, 1.79997
FILLER_0_3_161, 83.2, 19.04, 1.79997
FILLER_0_0_165, 83.2, 13.6, 1.79997
FILLER_0_1_161, 83.2, 13.6, 1.79997
FILLER_0_27_109, 61.005, 84.32, 1.79997
hold3, 61.005, 51.68, 1.79994
_11_, 61.005, 46.24, 1.79996
hold1, 61.005, 46.24, 1.79996
hold2, 61.005, 46.24, 1.79996
FILLER_0_14_121, 61.005, 46.24, 1.79996
FILLER_0_14_129, 61.005, 46.24, 1.79996
FILLER_0_12_131, 61.005, 40.8, 1.79997
output2, 61.005, 13.6, 1.79997
FILLER_0_0_109, 61.005, 13.6, 1.79997
FILLER_0_0_125, 61.005, 13.6, 1.79997
FILLER_0_27_77, 38.81, 84.32, 1.79997
FILLER_0_26_77, 38.81, 78.88, 1.79997
FILLER_0_24_77, 38.81, 73.44, 1.79997
FILLER_0_22_77, 38.81, 68, 1.79997
FILLER_0_20_77, 38.81, 62.56, 1.79997
FILLER_0_18_77, 38.81, 57.12, 1.79995
clkbuf_1_1__f_clk, 38.81, 51.68, 1.79992
FILLER_0_14_65, 38.81, 51.68, 1.79992
FILLER_0_16_77, 38.81, 51.68, 1.79992
_06_, 38.81, 46.24, 1.79995
_09_, 38.81, 46.24, 1.79995
_10_, 38.81, 46.24, 1.79995
hold5, 38.81, 46.24, 1.79995
FILLER_0_13_69, 38.81, 46.24, 1.79995
_08_, 38.81, 40.8, 1.79997
FILLER_0_11_81, 38.81, 40.8, 1.79997
FILLER_0_10_77, 38.81, 35.36, 1.79997
FILLER_0_8_77, 38.81, 29.92, 1.79997
clkbuf_1_0__f_clk, 38.81, 24.48, 1.79993
FILLER_0_5_69, 38.81, 24.48, 1.79993
FILLER_0_6_77, 38.81, 24.48, 1.79993
FILLER_0_4_77, 38.81, 19.04, 1.79996
FILLER_0_0_81, 38.81, 13.6, 1.79996
FILLER_0_2_77, 38.81, 13.6, 1.79996
FILLER_0_0_21, 16.615, 13.6, 1.79996
PHY_52, 5.52, 84.32, 1.79996
PHY_54, 5.52, 84.32, 1.79996
PHY_53, 94.3, 84.32, 1.79994
PHY_55, 94.3, 84.32, 1.79994
output5, 94.3, 84.32, 1.79994
FILLER_0_27_181, 94.3, 84.32, 1.79994
output4, 27.712, 84.32, 1.79996
FILLER_0_27_53, 27.712, 84.32, 1.79996
FILLER_0_26_133, 72.102, 84.32, 1.79996
FILLER_0_27_137, 72.102, 84.32, 1.79996
PHY_48, 5.52, 78.88, 1.79997
PHY_50, 5.52, 78.88, 1.79997
PHY_49, 94.3, 78.88, 1.79998
PHY_51, 94.3, 78.88, 1.79998
FILLER_0_25_181, 94.3, 78.88, 1.79998
FILLER_0_25_51, 27.712, 78.88, 1.79997
FILLER_0_25_105, 49.907, 78.88, 1.79997
FILLER_0_24_133, 72.102, 78.88, 1.79998
PHY_44, 5.52, 73.44, 1.79997
PHY_46, 5.52, 73.44, 1.79997
PHY_45, 94.3, 73.44, 1.79998
PHY_47, 94.3, 73.44, 1.79998
FILLER_0_23_181, 94.3, 73.44, 1.79998
FILLER_0_23_51, 27.712, 73.44, 1.79997
FILLER_0_23_105, 49.907, 73.44, 1.79997
FILLER_0_22_133, 72.102, 73.44, 1.79998
PHY_40, 5.52, 68, 1.79997
PHY_42, 5.52, 68, 1.79997
PHY_41, 94.3, 68, 1.79998
PHY_43, 94.3, 68, 1.79998
FILLER_0_21_181, 94.3, 68, 1.79998
FILLER_0_21_51, 27.712, 68, 1.79997
FILLER_0_21_105, 49.907, 68, 1.79998
FILLER_0_20_133, 72.102, 68, 1.79998
PHY_36, 5.52, 62.56, 1.79997
PHY_38, 5.52, 62.56, 1.79997
PHY_37, 94.3, 62.56, 1.79998
PHY_39, 94.3, 62.56, 1.79998
FILLER_0_19_181, 94.3, 62.56, 1.79998
FILLER_0_19_51, 27.712, 62.56, 1.79997
FILLER_0_19_105, 49.907, 62.56, 1.79998
FILLER_0_18_133, 72.102, 62.56, 1.79998
PHY_32, 5.52, 57.12, 1.79996
PHY_34, 5.52, 57.12, 1.79996
PHY_33, 94.3, 57.12, 1.79997
PHY_35, 94.3, 57.12, 1.79997
FILLER_0_17_181, 94.3, 57.12, 1.79997
FILLER_0_17_51, 27.712, 57.12, 1.79996
clkbuf_0_clk, 49.907, 57.12, 1.79992
FILLER_0_16_85, 49.907, 57.12, 1.79992
FILLER_0_17_105, 49.907, 57.12, 1.79992
FILLER_0_16_135, 72.102, 57.12, 1.79996
PHY_28, 5.52, 51.68, 1.79995
PHY_30, 5.52, 51.68, 1.79995
PHY_29, 94.3, 51.68, 1.79997
PHY_31, 94.3, 51.68, 1.79997
FILLER_0_15_181, 94.3, 51.68, 1.79997
FILLER_0_15_51, 27.712, 51.68, 1.79994
FILLER_0_15_57, 27.712, 51.68, 1.79994
_14_, 49.907, 51.68, 1.79991
_15_, 49.907, 51.68, 1.79991
hold4, 49.907, 51.68, 1.79991
FILLER_0_15_107, 49.907, 51.68, 1.79991
FILLER_0_14_137, 72.102, 51.68, 1.79996
PHY_24, 5.52, 46.24, 1.79996
PHY_26, 5.52, 46.24, 1.79996
PHY_25, 94.3, 46.24, 1.79997
PHY_27, 94.3, 46.24, 1.79997
FILLER_0_13_181, 94.3, 46.24, 1.79997
FILLER_0_13_51, 27.712, 46.24, 1.79996
_12_, 49.907, 46.24, 1.79994
_13_, 49.907, 46.24, 1.79994
PHY_20, 5.52, 40.8, 1.79997
PHY_22, 5.52, 40.8, 1.79997
PHY_21, 94.3, 40.8, 1.79997
PHY_23, 94.3, 40.8, 1.79997
FILLER_0_11_181, 94.3, 40.8, 1.79997
FILLER_0_11_51, 27.712, 40.8, 1.79997
_07_, 49.907, 40.8, 1.79997
FILLER_0_11_106, 49.907, 40.8, 1.79997
FILLER_0_10_133, 72.102, 40.8, 1.79997
PHY_16, 5.52, 35.36, 1.79997
PHY_18, 5.52, 35.36, 1.79997
PHY_17, 94.3, 35.36, 1.79997
PHY_19, 94.3, 35.36, 1.79997
FILLER_0_9_181, 94.3, 35.36, 1.79997
FILLER_0_9_51, 27.712, 35.36, 1.79997
FILLER_0_9_105, 49.907, 35.36, 1.79997
FILLER_0_8_133, 72.102, 35.36, 1.79997
PHY_12, 5.52, 29.92, 1.79997
PHY_14, 5.52, 29.92, 1.79997
PHY_13, 94.3, 29.92, 1.79997
PHY_15, 94.3, 29.92, 1.79997
input1, 94.3, 29.92, 1.79997
FILLER_0_7_181, 94.3, 29.92, 1.79997
FILLER_0_7_51, 27.712, 29.92, 1.79997
FILLER_0_7_105, 49.907, 29.92, 1.79997
FILLER_0_6_133, 72.102, 29.92, 1.79997
PHY_8, 5.52, 24.48, 1.79996
PHY_10, 5.52, 24.48, 1.79996
PHY_9, 94.3, 24.48, 1.79997
PHY_11, 94.3, 24.48, 1.79997
FILLER_0_5_181, 94.3, 24.48, 1.79997
FILLER_0_5_51, 27.712, 24.48, 1.79994
FILLER_0_5_105, 49.907, 24.48, 1.79995
FILLER_0_4_133, 72.102, 24.48, 1.79996
PHY_4, 5.52, 19.04, 1.79996
PHY_6, 5.52, 19.04, 1.79996
PHY_5, 94.3, 19.04, 1.79997
PHY_7, 94.3, 19.04, 1.79997
FILLER_0_3_181, 94.3, 19.04, 1.79997
FILLER_0_3_51, 27.712, 19.04, 1.79996
FILLER_0_3_105, 49.907, 19.04, 1.79997
FILLER_0_2_133, 72.102, 19.04, 1.79997
PHY_0, 5.52, 13.6, 1.79995
PHY_2, 5.52, 13.6, 1.79995
output3, 5.52, 13.6, 1.79995
PHY_1, 94.3, 13.6, 1.79997
PHY_3, 94.3, 13.6, 1.79997
FILLER_0_0_181, 94.3, 13.6, 1.79997
FILLER_0_1_181, 94.3, 13.6, 1.79997
FILLER_0_0_53, 27.712, 13.6, 1.79996
FILLER_0_1_51, 27.712, 13.6, 1.79996
FILLER_0_1_105, 49.907, 13.6, 1.79996
FILLER_0_0_135, 72.102, 13.6, 1.79997

